[2023-11-03T01:30:28.337-0300] {processor.py:157} INFO - Started process (PID=16785) to work on /home/felipe/venv/lib/python3.9/site-packages/airflow/example_dags/plugins/listener_plugin.py
[2023-11-03T01:30:28.338-0300] {processor.py:829} INFO - Processing file /home/felipe/venv/lib/python3.9/site-packages/airflow/example_dags/plugins/listener_plugin.py for tasks to queue
[2023-11-03T01:30:28.338-0300] {logging_mixin.py:151} INFO - [2023-11-03T01:30:28.338-0300] {dagbag.py:536} INFO - Filling up the DagBag from /home/felipe/venv/lib/python3.9/site-packages/airflow/example_dags/plugins/listener_plugin.py
[2023-11-03T01:30:28.339-0300] {processor.py:841} WARNING - No viable dags retrieved from /home/felipe/venv/lib/python3.9/site-packages/airflow/example_dags/plugins/listener_plugin.py
[2023-11-03T01:30:28.344-0300] {processor.py:179} INFO - Processing /home/felipe/venv/lib/python3.9/site-packages/airflow/example_dags/plugins/listener_plugin.py took 0.008 seconds
[2023-11-03T01:31:11.950-0300] {processor.py:157} INFO - Started process (PID=16995) to work on /home/felipe/venv/lib/python3.9/site-packages/airflow/example_dags/plugins/listener_plugin.py
[2023-11-03T01:31:11.951-0300] {processor.py:829} INFO - Processing file /home/felipe/venv/lib/python3.9/site-packages/airflow/example_dags/plugins/listener_plugin.py for tasks to queue
[2023-11-03T01:31:11.952-0300] {logging_mixin.py:151} INFO - [2023-11-03T01:31:11.951-0300] {dagbag.py:536} INFO - Filling up the DagBag from /home/felipe/venv/lib/python3.9/site-packages/airflow/example_dags/plugins/listener_plugin.py
[2023-11-03T01:31:11.953-0300] {processor.py:841} WARNING - No viable dags retrieved from /home/felipe/venv/lib/python3.9/site-packages/airflow/example_dags/plugins/listener_plugin.py
[2023-11-03T01:31:11.957-0300] {processor.py:179} INFO - Processing /home/felipe/venv/lib/python3.9/site-packages/airflow/example_dags/plugins/listener_plugin.py took 0.008 seconds
[2023-11-03T01:32:38.831-0300] {processor.py:157} INFO - Started process (PID=17576) to work on /home/felipe/venv/lib/python3.9/site-packages/airflow/example_dags/plugins/listener_plugin.py
[2023-11-03T01:32:38.837-0300] {processor.py:829} INFO - Processing file /home/felipe/venv/lib/python3.9/site-packages/airflow/example_dags/plugins/listener_plugin.py for tasks to queue
[2023-11-03T01:32:38.838-0300] {logging_mixin.py:151} INFO - [2023-11-03T01:32:38.838-0300] {dagbag.py:536} INFO - Filling up the DagBag from /home/felipe/venv/lib/python3.9/site-packages/airflow/example_dags/plugins/listener_plugin.py
[2023-11-03T01:32:38.839-0300] {processor.py:841} WARNING - No viable dags retrieved from /home/felipe/venv/lib/python3.9/site-packages/airflow/example_dags/plugins/listener_plugin.py
[2023-11-03T01:32:38.843-0300] {processor.py:179} INFO - Processing /home/felipe/venv/lib/python3.9/site-packages/airflow/example_dags/plugins/listener_plugin.py took 0.014 seconds
[2023-11-03T01:33:35.653-0300] {processor.py:157} INFO - Started process (PID=17860) to work on /home/felipe/venv/lib/python3.9/site-packages/airflow/example_dags/plugins/listener_plugin.py
[2023-11-03T01:33:35.659-0300] {processor.py:829} INFO - Processing file /home/felipe/venv/lib/python3.9/site-packages/airflow/example_dags/plugins/listener_plugin.py for tasks to queue
[2023-11-03T01:33:35.660-0300] {logging_mixin.py:151} INFO - [2023-11-03T01:33:35.660-0300] {dagbag.py:536} INFO - Filling up the DagBag from /home/felipe/venv/lib/python3.9/site-packages/airflow/example_dags/plugins/listener_plugin.py
[2023-11-03T01:33:35.661-0300] {processor.py:841} WARNING - No viable dags retrieved from /home/felipe/venv/lib/python3.9/site-packages/airflow/example_dags/plugins/listener_plugin.py
[2023-11-03T01:33:35.666-0300] {processor.py:179} INFO - Processing /home/felipe/venv/lib/python3.9/site-packages/airflow/example_dags/plugins/listener_plugin.py took 0.015 seconds
[2023-11-03T01:34:18.910-0300] {processor.py:157} INFO - Started process (PID=18179) to work on /home/felipe/venv/lib/python3.9/site-packages/airflow/example_dags/plugins/listener_plugin.py
[2023-11-03T01:34:18.911-0300] {processor.py:829} INFO - Processing file /home/felipe/venv/lib/python3.9/site-packages/airflow/example_dags/plugins/listener_plugin.py for tasks to queue
[2023-11-03T01:34:18.911-0300] {logging_mixin.py:151} INFO - [2023-11-03T01:34:18.911-0300] {dagbag.py:536} INFO - Filling up the DagBag from /home/felipe/venv/lib/python3.9/site-packages/airflow/example_dags/plugins/listener_plugin.py
[2023-11-03T01:34:18.913-0300] {processor.py:841} WARNING - No viable dags retrieved from /home/felipe/venv/lib/python3.9/site-packages/airflow/example_dags/plugins/listener_plugin.py
[2023-11-03T01:34:18.919-0300] {processor.py:179} INFO - Processing /home/felipe/venv/lib/python3.9/site-packages/airflow/example_dags/plugins/listener_plugin.py took 0.011 seconds
[2023-11-03T01:35:06.209-0300] {processor.py:157} INFO - Started process (PID=18499) to work on /home/felipe/venv/lib/python3.9/site-packages/airflow/example_dags/plugins/listener_plugin.py
[2023-11-03T01:35:06.215-0300] {processor.py:829} INFO - Processing file /home/felipe/venv/lib/python3.9/site-packages/airflow/example_dags/plugins/listener_plugin.py for tasks to queue
[2023-11-03T01:35:06.215-0300] {logging_mixin.py:151} INFO - [2023-11-03T01:35:06.215-0300] {dagbag.py:536} INFO - Filling up the DagBag from /home/felipe/venv/lib/python3.9/site-packages/airflow/example_dags/plugins/listener_plugin.py
[2023-11-03T01:35:06.217-0300] {processor.py:841} WARNING - No viable dags retrieved from /home/felipe/venv/lib/python3.9/site-packages/airflow/example_dags/plugins/listener_plugin.py
[2023-11-03T01:35:06.222-0300] {processor.py:179} INFO - Processing /home/felipe/venv/lib/python3.9/site-packages/airflow/example_dags/plugins/listener_plugin.py took 0.014 seconds
[2023-11-03T01:35:56.502-0300] {processor.py:157} INFO - Started process (PID=18800) to work on /home/felipe/venv/lib/python3.9/site-packages/airflow/example_dags/plugins/listener_plugin.py
[2023-11-03T01:35:56.508-0300] {processor.py:829} INFO - Processing file /home/felipe/venv/lib/python3.9/site-packages/airflow/example_dags/plugins/listener_plugin.py for tasks to queue
[2023-11-03T01:35:56.509-0300] {logging_mixin.py:151} INFO - [2023-11-03T01:35:56.509-0300] {dagbag.py:536} INFO - Filling up the DagBag from /home/felipe/venv/lib/python3.9/site-packages/airflow/example_dags/plugins/listener_plugin.py
[2023-11-03T01:35:56.510-0300] {processor.py:841} WARNING - No viable dags retrieved from /home/felipe/venv/lib/python3.9/site-packages/airflow/example_dags/plugins/listener_plugin.py
[2023-11-03T01:35:56.515-0300] {processor.py:179} INFO - Processing /home/felipe/venv/lib/python3.9/site-packages/airflow/example_dags/plugins/listener_plugin.py took 0.015 seconds
[2023-11-03T01:36:45.897-0300] {processor.py:157} INFO - Started process (PID=19062) to work on /home/felipe/venv/lib/python3.9/site-packages/airflow/example_dags/plugins/listener_plugin.py
[2023-11-03T01:36:45.898-0300] {processor.py:829} INFO - Processing file /home/felipe/venv/lib/python3.9/site-packages/airflow/example_dags/plugins/listener_plugin.py for tasks to queue
[2023-11-03T01:36:45.898-0300] {logging_mixin.py:151} INFO - [2023-11-03T01:36:45.898-0300] {dagbag.py:536} INFO - Filling up the DagBag from /home/felipe/venv/lib/python3.9/site-packages/airflow/example_dags/plugins/listener_plugin.py
[2023-11-03T01:36:45.900-0300] {processor.py:841} WARNING - No viable dags retrieved from /home/felipe/venv/lib/python3.9/site-packages/airflow/example_dags/plugins/listener_plugin.py
[2023-11-03T01:36:45.904-0300] {processor.py:179} INFO - Processing /home/felipe/venv/lib/python3.9/site-packages/airflow/example_dags/plugins/listener_plugin.py took 0.009 seconds
[2023-11-03T01:37:33.585-0300] {processor.py:157} INFO - Started process (PID=19326) to work on /home/felipe/venv/lib/python3.9/site-packages/airflow/example_dags/plugins/listener_plugin.py
[2023-11-03T01:37:33.587-0300] {processor.py:829} INFO - Processing file /home/felipe/venv/lib/python3.9/site-packages/airflow/example_dags/plugins/listener_plugin.py for tasks to queue
[2023-11-03T01:37:33.587-0300] {logging_mixin.py:151} INFO - [2023-11-03T01:37:33.587-0300] {dagbag.py:536} INFO - Filling up the DagBag from /home/felipe/venv/lib/python3.9/site-packages/airflow/example_dags/plugins/listener_plugin.py
[2023-11-03T01:37:33.589-0300] {processor.py:841} WARNING - No viable dags retrieved from /home/felipe/venv/lib/python3.9/site-packages/airflow/example_dags/plugins/listener_plugin.py
[2023-11-03T01:37:33.593-0300] {processor.py:179} INFO - Processing /home/felipe/venv/lib/python3.9/site-packages/airflow/example_dags/plugins/listener_plugin.py took 0.010 seconds
[2023-11-03T01:38:26.609-0300] {processor.py:157} INFO - Started process (PID=19703) to work on /home/felipe/venv/lib/python3.9/site-packages/airflow/example_dags/plugins/listener_plugin.py
[2023-11-03T01:38:26.616-0300] {processor.py:829} INFO - Processing file /home/felipe/venv/lib/python3.9/site-packages/airflow/example_dags/plugins/listener_plugin.py for tasks to queue
[2023-11-03T01:38:26.616-0300] {logging_mixin.py:151} INFO - [2023-11-03T01:38:26.616-0300] {dagbag.py:536} INFO - Filling up the DagBag from /home/felipe/venv/lib/python3.9/site-packages/airflow/example_dags/plugins/listener_plugin.py
[2023-11-03T01:38:26.618-0300] {processor.py:841} WARNING - No viable dags retrieved from /home/felipe/venv/lib/python3.9/site-packages/airflow/example_dags/plugins/listener_plugin.py
[2023-11-03T01:38:26.622-0300] {processor.py:179} INFO - Processing /home/felipe/venv/lib/python3.9/site-packages/airflow/example_dags/plugins/listener_plugin.py took 0.014 seconds
[2023-11-03T01:57:41.800-0300] {processor.py:157} INFO - Started process (PID=24595) to work on /home/felipe/venv/lib/python3.9/site-packages/airflow/example_dags/plugins/listener_plugin.py
[2023-11-03T01:57:41.806-0300] {processor.py:829} INFO - Processing file /home/felipe/venv/lib/python3.9/site-packages/airflow/example_dags/plugins/listener_plugin.py for tasks to queue
[2023-11-03T01:57:41.807-0300] {logging_mixin.py:151} INFO - [2023-11-03T01:57:41.807-0300] {dagbag.py:536} INFO - Filling up the DagBag from /home/felipe/venv/lib/python3.9/site-packages/airflow/example_dags/plugins/listener_plugin.py
[2023-11-03T01:57:41.808-0300] {processor.py:841} WARNING - No viable dags retrieved from /home/felipe/venv/lib/python3.9/site-packages/airflow/example_dags/plugins/listener_plugin.py
[2023-11-03T01:57:41.813-0300] {processor.py:179} INFO - Processing /home/felipe/venv/lib/python3.9/site-packages/airflow/example_dags/plugins/listener_plugin.py took 0.014 seconds
[2023-11-03T01:58:30.575-0300] {processor.py:157} INFO - Started process (PID=24918) to work on /home/felipe/venv/lib/python3.9/site-packages/airflow/example_dags/plugins/listener_plugin.py
[2023-11-03T01:58:30.581-0300] {processor.py:829} INFO - Processing file /home/felipe/venv/lib/python3.9/site-packages/airflow/example_dags/plugins/listener_plugin.py for tasks to queue
[2023-11-03T01:58:30.581-0300] {logging_mixin.py:151} INFO - [2023-11-03T01:58:30.581-0300] {dagbag.py:536} INFO - Filling up the DagBag from /home/felipe/venv/lib/python3.9/site-packages/airflow/example_dags/plugins/listener_plugin.py
[2023-11-03T01:58:30.583-0300] {processor.py:841} WARNING - No viable dags retrieved from /home/felipe/venv/lib/python3.9/site-packages/airflow/example_dags/plugins/listener_plugin.py
[2023-11-03T01:58:30.589-0300] {processor.py:179} INFO - Processing /home/felipe/venv/lib/python3.9/site-packages/airflow/example_dags/plugins/listener_plugin.py took 0.015 seconds
[2023-11-03T01:59:22.060-0300] {processor.py:157} INFO - Started process (PID=25220) to work on /home/felipe/venv/lib/python3.9/site-packages/airflow/example_dags/plugins/listener_plugin.py
[2023-11-03T01:59:22.067-0300] {processor.py:829} INFO - Processing file /home/felipe/venv/lib/python3.9/site-packages/airflow/example_dags/plugins/listener_plugin.py for tasks to queue
[2023-11-03T01:59:22.068-0300] {logging_mixin.py:151} INFO - [2023-11-03T01:59:22.067-0300] {dagbag.py:536} INFO - Filling up the DagBag from /home/felipe/venv/lib/python3.9/site-packages/airflow/example_dags/plugins/listener_plugin.py
[2023-11-03T01:59:22.069-0300] {processor.py:841} WARNING - No viable dags retrieved from /home/felipe/venv/lib/python3.9/site-packages/airflow/example_dags/plugins/listener_plugin.py
[2023-11-03T01:59:22.074-0300] {processor.py:179} INFO - Processing /home/felipe/venv/lib/python3.9/site-packages/airflow/example_dags/plugins/listener_plugin.py took 0.015 seconds
[2023-11-03T02:00:05.504-0300] {processor.py:157} INFO - Started process (PID=25515) to work on /home/felipe/venv/lib/python3.9/site-packages/airflow/example_dags/plugins/listener_plugin.py
[2023-11-03T02:00:05.505-0300] {processor.py:829} INFO - Processing file /home/felipe/venv/lib/python3.9/site-packages/airflow/example_dags/plugins/listener_plugin.py for tasks to queue
[2023-11-03T02:00:05.506-0300] {logging_mixin.py:151} INFO - [2023-11-03T02:00:05.506-0300] {dagbag.py:536} INFO - Filling up the DagBag from /home/felipe/venv/lib/python3.9/site-packages/airflow/example_dags/plugins/listener_plugin.py
[2023-11-03T02:00:05.507-0300] {processor.py:841} WARNING - No viable dags retrieved from /home/felipe/venv/lib/python3.9/site-packages/airflow/example_dags/plugins/listener_plugin.py
[2023-11-03T02:00:05.513-0300] {processor.py:179} INFO - Processing /home/felipe/venv/lib/python3.9/site-packages/airflow/example_dags/plugins/listener_plugin.py took 0.010 seconds
[2023-11-03T02:00:53.450-0300] {processor.py:157} INFO - Started process (PID=25749) to work on /home/felipe/venv/lib/python3.9/site-packages/airflow/example_dags/plugins/listener_plugin.py
[2023-11-03T02:00:53.451-0300] {processor.py:829} INFO - Processing file /home/felipe/venv/lib/python3.9/site-packages/airflow/example_dags/plugins/listener_plugin.py for tasks to queue
[2023-11-03T02:00:53.452-0300] {logging_mixin.py:151} INFO - [2023-11-03T02:00:53.452-0300] {dagbag.py:536} INFO - Filling up the DagBag from /home/felipe/venv/lib/python3.9/site-packages/airflow/example_dags/plugins/listener_plugin.py
[2023-11-03T02:00:53.453-0300] {processor.py:841} WARNING - No viable dags retrieved from /home/felipe/venv/lib/python3.9/site-packages/airflow/example_dags/plugins/listener_plugin.py
[2023-11-03T02:00:53.458-0300] {processor.py:179} INFO - Processing /home/felipe/venv/lib/python3.9/site-packages/airflow/example_dags/plugins/listener_plugin.py took 0.009 seconds
[2023-11-03T02:01:40.208-0300] {processor.py:157} INFO - Started process (PID=26001) to work on /home/felipe/venv/lib/python3.9/site-packages/airflow/example_dags/plugins/listener_plugin.py
[2023-11-03T02:01:40.214-0300] {processor.py:829} INFO - Processing file /home/felipe/venv/lib/python3.9/site-packages/airflow/example_dags/plugins/listener_plugin.py for tasks to queue
[2023-11-03T02:01:40.215-0300] {logging_mixin.py:151} INFO - [2023-11-03T02:01:40.215-0300] {dagbag.py:536} INFO - Filling up the DagBag from /home/felipe/venv/lib/python3.9/site-packages/airflow/example_dags/plugins/listener_plugin.py
[2023-11-03T02:01:40.217-0300] {processor.py:841} WARNING - No viable dags retrieved from /home/felipe/venv/lib/python3.9/site-packages/airflow/example_dags/plugins/listener_plugin.py
[2023-11-03T02:01:40.223-0300] {processor.py:179} INFO - Processing /home/felipe/venv/lib/python3.9/site-packages/airflow/example_dags/plugins/listener_plugin.py took 0.016 seconds
[2023-11-03T02:02:26.859-0300] {processor.py:157} INFO - Started process (PID=26373) to work on /home/felipe/venv/lib/python3.9/site-packages/airflow/example_dags/plugins/listener_plugin.py
[2023-11-03T02:02:26.860-0300] {processor.py:829} INFO - Processing file /home/felipe/venv/lib/python3.9/site-packages/airflow/example_dags/plugins/listener_plugin.py for tasks to queue
[2023-11-03T02:02:26.861-0300] {logging_mixin.py:151} INFO - [2023-11-03T02:02:26.861-0300] {dagbag.py:536} INFO - Filling up the DagBag from /home/felipe/venv/lib/python3.9/site-packages/airflow/example_dags/plugins/listener_plugin.py
[2023-11-03T02:02:26.863-0300] {processor.py:841} WARNING - No viable dags retrieved from /home/felipe/venv/lib/python3.9/site-packages/airflow/example_dags/plugins/listener_plugin.py
[2023-11-03T02:02:26.868-0300] {processor.py:179} INFO - Processing /home/felipe/venv/lib/python3.9/site-packages/airflow/example_dags/plugins/listener_plugin.py took 0.011 seconds
[2023-11-03T02:03:17.885-0300] {processor.py:157} INFO - Started process (PID=26638) to work on /home/felipe/venv/lib/python3.9/site-packages/airflow/example_dags/plugins/listener_plugin.py
[2023-11-03T02:03:17.886-0300] {processor.py:829} INFO - Processing file /home/felipe/venv/lib/python3.9/site-packages/airflow/example_dags/plugins/listener_plugin.py for tasks to queue
[2023-11-03T02:03:17.887-0300] {logging_mixin.py:151} INFO - [2023-11-03T02:03:17.886-0300] {dagbag.py:536} INFO - Filling up the DagBag from /home/felipe/venv/lib/python3.9/site-packages/airflow/example_dags/plugins/listener_plugin.py
[2023-11-03T02:03:17.888-0300] {processor.py:841} WARNING - No viable dags retrieved from /home/felipe/venv/lib/python3.9/site-packages/airflow/example_dags/plugins/listener_plugin.py
[2023-11-03T02:03:17.893-0300] {processor.py:179} INFO - Processing /home/felipe/venv/lib/python3.9/site-packages/airflow/example_dags/plugins/listener_plugin.py took 0.009 seconds
[2023-11-03T02:04:05.344-0300] {processor.py:157} INFO - Started process (PID=26960) to work on /home/felipe/venv/lib/python3.9/site-packages/airflow/example_dags/plugins/listener_plugin.py
[2023-11-03T02:04:05.350-0300] {processor.py:829} INFO - Processing file /home/felipe/venv/lib/python3.9/site-packages/airflow/example_dags/plugins/listener_plugin.py for tasks to queue
[2023-11-03T02:04:05.351-0300] {logging_mixin.py:151} INFO - [2023-11-03T02:04:05.350-0300] {dagbag.py:536} INFO - Filling up the DagBag from /home/felipe/venv/lib/python3.9/site-packages/airflow/example_dags/plugins/listener_plugin.py
[2023-11-03T02:04:05.352-0300] {processor.py:841} WARNING - No viable dags retrieved from /home/felipe/venv/lib/python3.9/site-packages/airflow/example_dags/plugins/listener_plugin.py
[2023-11-03T02:04:05.357-0300] {processor.py:179} INFO - Processing /home/felipe/venv/lib/python3.9/site-packages/airflow/example_dags/plugins/listener_plugin.py took 0.015 seconds
[2023-11-03T02:04:54.755-0300] {processor.py:157} INFO - Started process (PID=27335) to work on /home/felipe/venv/lib/python3.9/site-packages/airflow/example_dags/plugins/listener_plugin.py
[2023-11-03T02:04:54.756-0300] {processor.py:829} INFO - Processing file /home/felipe/venv/lib/python3.9/site-packages/airflow/example_dags/plugins/listener_plugin.py for tasks to queue
[2023-11-03T02:04:54.757-0300] {logging_mixin.py:151} INFO - [2023-11-03T02:04:54.757-0300] {dagbag.py:536} INFO - Filling up the DagBag from /home/felipe/venv/lib/python3.9/site-packages/airflow/example_dags/plugins/listener_plugin.py
[2023-11-03T02:04:54.758-0300] {processor.py:841} WARNING - No viable dags retrieved from /home/felipe/venv/lib/python3.9/site-packages/airflow/example_dags/plugins/listener_plugin.py
[2023-11-03T02:04:54.764-0300] {processor.py:179} INFO - Processing /home/felipe/venv/lib/python3.9/site-packages/airflow/example_dags/plugins/listener_plugin.py took 0.010 seconds
[2023-11-03T02:05:45.406-0300] {processor.py:157} INFO - Started process (PID=27619) to work on /home/felipe/venv/lib/python3.9/site-packages/airflow/example_dags/plugins/listener_plugin.py
[2023-11-03T02:05:45.412-0300] {processor.py:829} INFO - Processing file /home/felipe/venv/lib/python3.9/site-packages/airflow/example_dags/plugins/listener_plugin.py for tasks to queue
[2023-11-03T02:05:45.413-0300] {logging_mixin.py:151} INFO - [2023-11-03T02:05:45.413-0300] {dagbag.py:536} INFO - Filling up the DagBag from /home/felipe/venv/lib/python3.9/site-packages/airflow/example_dags/plugins/listener_plugin.py
[2023-11-03T02:05:45.415-0300] {processor.py:841} WARNING - No viable dags retrieved from /home/felipe/venv/lib/python3.9/site-packages/airflow/example_dags/plugins/listener_plugin.py
[2023-11-03T02:05:45.420-0300] {processor.py:179} INFO - Processing /home/felipe/venv/lib/python3.9/site-packages/airflow/example_dags/plugins/listener_plugin.py took 0.015 seconds
[2023-11-03T02:06:50.071-0300] {processor.py:157} INFO - Started process (PID=28151) to work on /home/felipe/venv/lib/python3.9/site-packages/airflow/example_dags/plugins/listener_plugin.py
[2023-11-03T02:06:50.077-0300] {processor.py:829} INFO - Processing file /home/felipe/venv/lib/python3.9/site-packages/airflow/example_dags/plugins/listener_plugin.py for tasks to queue
[2023-11-03T02:06:50.078-0300] {logging_mixin.py:151} INFO - [2023-11-03T02:06:50.078-0300] {dagbag.py:536} INFO - Filling up the DagBag from /home/felipe/venv/lib/python3.9/site-packages/airflow/example_dags/plugins/listener_plugin.py
[2023-11-03T02:06:50.079-0300] {processor.py:841} WARNING - No viable dags retrieved from /home/felipe/venv/lib/python3.9/site-packages/airflow/example_dags/plugins/listener_plugin.py
[2023-11-03T02:06:50.084-0300] {processor.py:179} INFO - Processing /home/felipe/venv/lib/python3.9/site-packages/airflow/example_dags/plugins/listener_plugin.py took 0.015 seconds
[2023-11-03T02:07:39.272-0300] {processor.py:157} INFO - Started process (PID=28610) to work on /home/felipe/venv/lib/python3.9/site-packages/airflow/example_dags/plugins/listener_plugin.py
[2023-11-03T02:07:39.278-0300] {processor.py:829} INFO - Processing file /home/felipe/venv/lib/python3.9/site-packages/airflow/example_dags/plugins/listener_plugin.py for tasks to queue
[2023-11-03T02:07:39.279-0300] {logging_mixin.py:151} INFO - [2023-11-03T02:07:39.279-0300] {dagbag.py:536} INFO - Filling up the DagBag from /home/felipe/venv/lib/python3.9/site-packages/airflow/example_dags/plugins/listener_plugin.py
[2023-11-03T02:07:39.281-0300] {processor.py:841} WARNING - No viable dags retrieved from /home/felipe/venv/lib/python3.9/site-packages/airflow/example_dags/plugins/listener_plugin.py
[2023-11-03T02:07:39.285-0300] {processor.py:179} INFO - Processing /home/felipe/venv/lib/python3.9/site-packages/airflow/example_dags/plugins/listener_plugin.py took 0.014 seconds
[2023-11-03T02:08:26.838-0300] {processor.py:157} INFO - Started process (PID=28863) to work on /home/felipe/venv/lib/python3.9/site-packages/airflow/example_dags/plugins/listener_plugin.py
[2023-11-03T02:08:26.844-0300] {processor.py:829} INFO - Processing file /home/felipe/venv/lib/python3.9/site-packages/airflow/example_dags/plugins/listener_plugin.py for tasks to queue
[2023-11-03T02:08:26.845-0300] {logging_mixin.py:151} INFO - [2023-11-03T02:08:26.845-0300] {dagbag.py:536} INFO - Filling up the DagBag from /home/felipe/venv/lib/python3.9/site-packages/airflow/example_dags/plugins/listener_plugin.py
[2023-11-03T02:08:26.847-0300] {processor.py:841} WARNING - No viable dags retrieved from /home/felipe/venv/lib/python3.9/site-packages/airflow/example_dags/plugins/listener_plugin.py
[2023-11-03T02:08:26.852-0300] {processor.py:179} INFO - Processing /home/felipe/venv/lib/python3.9/site-packages/airflow/example_dags/plugins/listener_plugin.py took 0.015 seconds
[2023-11-03T02:09:14.180-0300] {processor.py:157} INFO - Started process (PID=29130) to work on /home/felipe/venv/lib/python3.9/site-packages/airflow/example_dags/plugins/listener_plugin.py
[2023-11-03T02:09:14.182-0300] {processor.py:829} INFO - Processing file /home/felipe/venv/lib/python3.9/site-packages/airflow/example_dags/plugins/listener_plugin.py for tasks to queue
[2023-11-03T02:09:14.182-0300] {logging_mixin.py:151} INFO - [2023-11-03T02:09:14.182-0300] {dagbag.py:536} INFO - Filling up the DagBag from /home/felipe/venv/lib/python3.9/site-packages/airflow/example_dags/plugins/listener_plugin.py
[2023-11-03T02:09:14.184-0300] {processor.py:841} WARNING - No viable dags retrieved from /home/felipe/venv/lib/python3.9/site-packages/airflow/example_dags/plugins/listener_plugin.py
[2023-11-03T02:09:14.189-0300] {processor.py:179} INFO - Processing /home/felipe/venv/lib/python3.9/site-packages/airflow/example_dags/plugins/listener_plugin.py took 0.010 seconds
[2023-11-03T02:10:03.343-0300] {processor.py:157} INFO - Started process (PID=29397) to work on /home/felipe/venv/lib/python3.9/site-packages/airflow/example_dags/plugins/listener_plugin.py
[2023-11-03T02:10:03.344-0300] {processor.py:829} INFO - Processing file /home/felipe/venv/lib/python3.9/site-packages/airflow/example_dags/plugins/listener_plugin.py for tasks to queue
[2023-11-03T02:10:03.344-0300] {logging_mixin.py:151} INFO - [2023-11-03T02:10:03.344-0300] {dagbag.py:536} INFO - Filling up the DagBag from /home/felipe/venv/lib/python3.9/site-packages/airflow/example_dags/plugins/listener_plugin.py
[2023-11-03T02:10:03.346-0300] {processor.py:841} WARNING - No viable dags retrieved from /home/felipe/venv/lib/python3.9/site-packages/airflow/example_dags/plugins/listener_plugin.py
[2023-11-03T02:10:03.351-0300] {processor.py:179} INFO - Processing /home/felipe/venv/lib/python3.9/site-packages/airflow/example_dags/plugins/listener_plugin.py took 0.010 seconds
[2023-11-03T02:10:59.968-0300] {processor.py:157} INFO - Started process (PID=29827) to work on /home/felipe/venv/lib/python3.9/site-packages/airflow/example_dags/plugins/listener_plugin.py
[2023-11-03T02:10:59.969-0300] {processor.py:829} INFO - Processing file /home/felipe/venv/lib/python3.9/site-packages/airflow/example_dags/plugins/listener_plugin.py for tasks to queue
[2023-11-03T02:10:59.969-0300] {logging_mixin.py:151} INFO - [2023-11-03T02:10:59.969-0300] {dagbag.py:536} INFO - Filling up the DagBag from /home/felipe/venv/lib/python3.9/site-packages/airflow/example_dags/plugins/listener_plugin.py
[2023-11-03T02:10:59.970-0300] {processor.py:841} WARNING - No viable dags retrieved from /home/felipe/venv/lib/python3.9/site-packages/airflow/example_dags/plugins/listener_plugin.py
[2023-11-03T02:10:59.975-0300] {processor.py:179} INFO - Processing /home/felipe/venv/lib/python3.9/site-packages/airflow/example_dags/plugins/listener_plugin.py took 0.009 seconds
[2023-11-03T02:11:56.945-0300] {processor.py:157} INFO - Started process (PID=30246) to work on /home/felipe/venv/lib/python3.9/site-packages/airflow/example_dags/plugins/listener_plugin.py
[2023-11-03T02:11:56.952-0300] {processor.py:829} INFO - Processing file /home/felipe/venv/lib/python3.9/site-packages/airflow/example_dags/plugins/listener_plugin.py for tasks to queue
[2023-11-03T02:11:56.952-0300] {logging_mixin.py:151} INFO - [2023-11-03T02:11:56.952-0300] {dagbag.py:536} INFO - Filling up the DagBag from /home/felipe/venv/lib/python3.9/site-packages/airflow/example_dags/plugins/listener_plugin.py
[2023-11-03T02:11:56.954-0300] {processor.py:841} WARNING - No viable dags retrieved from /home/felipe/venv/lib/python3.9/site-packages/airflow/example_dags/plugins/listener_plugin.py
[2023-11-03T02:11:56.959-0300] {processor.py:179} INFO - Processing /home/felipe/venv/lib/python3.9/site-packages/airflow/example_dags/plugins/listener_plugin.py took 0.016 seconds
[2023-11-03T02:12:49.057-0300] {processor.py:157} INFO - Started process (PID=30711) to work on /home/felipe/venv/lib/python3.9/site-packages/airflow/example_dags/plugins/listener_plugin.py
[2023-11-03T02:12:49.058-0300] {processor.py:829} INFO - Processing file /home/felipe/venv/lib/python3.9/site-packages/airflow/example_dags/plugins/listener_plugin.py for tasks to queue
[2023-11-03T02:12:49.058-0300] {logging_mixin.py:151} INFO - [2023-11-03T02:12:49.058-0300] {dagbag.py:536} INFO - Filling up the DagBag from /home/felipe/venv/lib/python3.9/site-packages/airflow/example_dags/plugins/listener_plugin.py
[2023-11-03T02:12:49.060-0300] {processor.py:841} WARNING - No viable dags retrieved from /home/felipe/venv/lib/python3.9/site-packages/airflow/example_dags/plugins/listener_plugin.py
[2023-11-03T02:12:49.065-0300] {processor.py:179} INFO - Processing /home/felipe/venv/lib/python3.9/site-packages/airflow/example_dags/plugins/listener_plugin.py took 0.009 seconds
[2023-11-03T02:13:35.853-0300] {processor.py:157} INFO - Started process (PID=30983) to work on /home/felipe/venv/lib/python3.9/site-packages/airflow/example_dags/plugins/listener_plugin.py
[2023-11-03T02:13:35.859-0300] {processor.py:829} INFO - Processing file /home/felipe/venv/lib/python3.9/site-packages/airflow/example_dags/plugins/listener_plugin.py for tasks to queue
[2023-11-03T02:13:35.860-0300] {logging_mixin.py:151} INFO - [2023-11-03T02:13:35.859-0300] {dagbag.py:536} INFO - Filling up the DagBag from /home/felipe/venv/lib/python3.9/site-packages/airflow/example_dags/plugins/listener_plugin.py
[2023-11-03T02:13:35.861-0300] {processor.py:841} WARNING - No viable dags retrieved from /home/felipe/venv/lib/python3.9/site-packages/airflow/example_dags/plugins/listener_plugin.py
[2023-11-03T02:13:35.866-0300] {processor.py:179} INFO - Processing /home/felipe/venv/lib/python3.9/site-packages/airflow/example_dags/plugins/listener_plugin.py took 0.015 seconds
[2023-11-03T02:14:20.024-0300] {processor.py:157} INFO - Started process (PID=31230) to work on /home/felipe/venv/lib/python3.9/site-packages/airflow/example_dags/plugins/listener_plugin.py
[2023-11-03T02:14:20.031-0300] {processor.py:829} INFO - Processing file /home/felipe/venv/lib/python3.9/site-packages/airflow/example_dags/plugins/listener_plugin.py for tasks to queue
[2023-11-03T02:14:20.032-0300] {logging_mixin.py:151} INFO - [2023-11-03T02:14:20.032-0300] {dagbag.py:536} INFO - Filling up the DagBag from /home/felipe/venv/lib/python3.9/site-packages/airflow/example_dags/plugins/listener_plugin.py
[2023-11-03T02:14:20.034-0300] {processor.py:841} WARNING - No viable dags retrieved from /home/felipe/venv/lib/python3.9/site-packages/airflow/example_dags/plugins/listener_plugin.py
[2023-11-03T02:14:20.039-0300] {processor.py:179} INFO - Processing /home/felipe/venv/lib/python3.9/site-packages/airflow/example_dags/plugins/listener_plugin.py took 0.017 seconds
[2023-11-03T02:15:06.453-0300] {processor.py:157} INFO - Started process (PID=31489) to work on /home/felipe/venv/lib/python3.9/site-packages/airflow/example_dags/plugins/listener_plugin.py
[2023-11-03T02:15:06.460-0300] {processor.py:829} INFO - Processing file /home/felipe/venv/lib/python3.9/site-packages/airflow/example_dags/plugins/listener_plugin.py for tasks to queue
[2023-11-03T02:15:06.461-0300] {logging_mixin.py:151} INFO - [2023-11-03T02:15:06.461-0300] {dagbag.py:536} INFO - Filling up the DagBag from /home/felipe/venv/lib/python3.9/site-packages/airflow/example_dags/plugins/listener_plugin.py
[2023-11-03T02:15:06.462-0300] {processor.py:841} WARNING - No viable dags retrieved from /home/felipe/venv/lib/python3.9/site-packages/airflow/example_dags/plugins/listener_plugin.py
[2023-11-03T02:15:06.468-0300] {processor.py:179} INFO - Processing /home/felipe/venv/lib/python3.9/site-packages/airflow/example_dags/plugins/listener_plugin.py took 0.016 seconds
[2023-11-03T02:15:53.006-0300] {processor.py:157} INFO - Started process (PID=31720) to work on /home/felipe/venv/lib/python3.9/site-packages/airflow/example_dags/plugins/listener_plugin.py
[2023-11-03T02:15:53.013-0300] {processor.py:829} INFO - Processing file /home/felipe/venv/lib/python3.9/site-packages/airflow/example_dags/plugins/listener_plugin.py for tasks to queue
[2023-11-03T02:15:53.013-0300] {logging_mixin.py:151} INFO - [2023-11-03T02:15:53.013-0300] {dagbag.py:536} INFO - Filling up the DagBag from /home/felipe/venv/lib/python3.9/site-packages/airflow/example_dags/plugins/listener_plugin.py
[2023-11-03T02:15:53.015-0300] {processor.py:841} WARNING - No viable dags retrieved from /home/felipe/venv/lib/python3.9/site-packages/airflow/example_dags/plugins/listener_plugin.py
[2023-11-03T02:15:53.020-0300] {processor.py:179} INFO - Processing /home/felipe/venv/lib/python3.9/site-packages/airflow/example_dags/plugins/listener_plugin.py took 0.015 seconds
[2023-11-03T02:16:40.924-0300] {processor.py:157} INFO - Started process (PID=31970) to work on /home/felipe/venv/lib/python3.9/site-packages/airflow/example_dags/plugins/listener_plugin.py
[2023-11-03T02:16:40.926-0300] {processor.py:829} INFO - Processing file /home/felipe/venv/lib/python3.9/site-packages/airflow/example_dags/plugins/listener_plugin.py for tasks to queue
[2023-11-03T02:16:40.926-0300] {logging_mixin.py:151} INFO - [2023-11-03T02:16:40.926-0300] {dagbag.py:536} INFO - Filling up the DagBag from /home/felipe/venv/lib/python3.9/site-packages/airflow/example_dags/plugins/listener_plugin.py
[2023-11-03T02:16:40.928-0300] {processor.py:841} WARNING - No viable dags retrieved from /home/felipe/venv/lib/python3.9/site-packages/airflow/example_dags/plugins/listener_plugin.py
[2023-11-03T02:16:40.933-0300] {processor.py:179} INFO - Processing /home/felipe/venv/lib/python3.9/site-packages/airflow/example_dags/plugins/listener_plugin.py took 0.010 seconds
[2023-11-03T02:17:28.993-0300] {processor.py:157} INFO - Started process (PID=32278) to work on /home/felipe/venv/lib/python3.9/site-packages/airflow/example_dags/plugins/listener_plugin.py
[2023-11-03T02:17:28.999-0300] {processor.py:829} INFO - Processing file /home/felipe/venv/lib/python3.9/site-packages/airflow/example_dags/plugins/listener_plugin.py for tasks to queue
[2023-11-03T02:17:28.999-0300] {logging_mixin.py:151} INFO - [2023-11-03T02:17:28.999-0300] {dagbag.py:536} INFO - Filling up the DagBag from /home/felipe/venv/lib/python3.9/site-packages/airflow/example_dags/plugins/listener_plugin.py
[2023-11-03T02:17:29.001-0300] {processor.py:841} WARNING - No viable dags retrieved from /home/felipe/venv/lib/python3.9/site-packages/airflow/example_dags/plugins/listener_plugin.py
[2023-11-03T02:17:29.006-0300] {processor.py:179} INFO - Processing /home/felipe/venv/lib/python3.9/site-packages/airflow/example_dags/plugins/listener_plugin.py took 0.015 seconds
[2023-11-03T02:18:16.889-0300] {processor.py:157} INFO - Started process (PID=32529) to work on /home/felipe/venv/lib/python3.9/site-packages/airflow/example_dags/plugins/listener_plugin.py
[2023-11-03T02:18:16.890-0300] {processor.py:829} INFO - Processing file /home/felipe/venv/lib/python3.9/site-packages/airflow/example_dags/plugins/listener_plugin.py for tasks to queue
[2023-11-03T02:18:16.891-0300] {logging_mixin.py:151} INFO - [2023-11-03T02:18:16.890-0300] {dagbag.py:536} INFO - Filling up the DagBag from /home/felipe/venv/lib/python3.9/site-packages/airflow/example_dags/plugins/listener_plugin.py
[2023-11-03T02:18:16.892-0300] {processor.py:841} WARNING - No viable dags retrieved from /home/felipe/venv/lib/python3.9/site-packages/airflow/example_dags/plugins/listener_plugin.py
[2023-11-03T02:18:16.898-0300] {processor.py:179} INFO - Processing /home/felipe/venv/lib/python3.9/site-packages/airflow/example_dags/plugins/listener_plugin.py took 0.010 seconds
[2023-11-03T02:19:04.509-0300] {processor.py:157} INFO - Started process (PID=32793) to work on /home/felipe/venv/lib/python3.9/site-packages/airflow/example_dags/plugins/listener_plugin.py
[2023-11-03T02:19:04.511-0300] {processor.py:829} INFO - Processing file /home/felipe/venv/lib/python3.9/site-packages/airflow/example_dags/plugins/listener_plugin.py for tasks to queue
[2023-11-03T02:19:04.511-0300] {logging_mixin.py:151} INFO - [2023-11-03T02:19:04.511-0300] {dagbag.py:536} INFO - Filling up the DagBag from /home/felipe/venv/lib/python3.9/site-packages/airflow/example_dags/plugins/listener_plugin.py
[2023-11-03T02:19:04.512-0300] {processor.py:841} WARNING - No viable dags retrieved from /home/felipe/venv/lib/python3.9/site-packages/airflow/example_dags/plugins/listener_plugin.py
[2023-11-03T02:19:04.518-0300] {processor.py:179} INFO - Processing /home/felipe/venv/lib/python3.9/site-packages/airflow/example_dags/plugins/listener_plugin.py took 0.010 seconds
[2023-11-03T02:19:52.133-0300] {processor.py:157} INFO - Started process (PID=33016) to work on /home/felipe/venv/lib/python3.9/site-packages/airflow/example_dags/plugins/listener_plugin.py
[2023-11-03T02:19:52.140-0300] {processor.py:829} INFO - Processing file /home/felipe/venv/lib/python3.9/site-packages/airflow/example_dags/plugins/listener_plugin.py for tasks to queue
[2023-11-03T02:19:52.141-0300] {logging_mixin.py:151} INFO - [2023-11-03T02:19:52.140-0300] {dagbag.py:536} INFO - Filling up the DagBag from /home/felipe/venv/lib/python3.9/site-packages/airflow/example_dags/plugins/listener_plugin.py
[2023-11-03T02:19:52.142-0300] {processor.py:841} WARNING - No viable dags retrieved from /home/felipe/venv/lib/python3.9/site-packages/airflow/example_dags/plugins/listener_plugin.py
[2023-11-03T02:19:52.148-0300] {processor.py:179} INFO - Processing /home/felipe/venv/lib/python3.9/site-packages/airflow/example_dags/plugins/listener_plugin.py took 0.016 seconds
[2023-11-03T02:20:38.554-0300] {processor.py:157} INFO - Started process (PID=33276) to work on /home/felipe/venv/lib/python3.9/site-packages/airflow/example_dags/plugins/listener_plugin.py
[2023-11-03T02:20:38.554-0300] {processor.py:829} INFO - Processing file /home/felipe/venv/lib/python3.9/site-packages/airflow/example_dags/plugins/listener_plugin.py for tasks to queue
[2023-11-03T02:20:38.555-0300] {logging_mixin.py:151} INFO - [2023-11-03T02:20:38.555-0300] {dagbag.py:536} INFO - Filling up the DagBag from /home/felipe/venv/lib/python3.9/site-packages/airflow/example_dags/plugins/listener_plugin.py
[2023-11-03T02:20:38.556-0300] {processor.py:841} WARNING - No viable dags retrieved from /home/felipe/venv/lib/python3.9/site-packages/airflow/example_dags/plugins/listener_plugin.py
[2023-11-03T02:20:38.561-0300] {processor.py:179} INFO - Processing /home/felipe/venv/lib/python3.9/site-packages/airflow/example_dags/plugins/listener_plugin.py took 0.009 seconds
[2023-11-03T02:21:28.284-0300] {processor.py:157} INFO - Started process (PID=33538) to work on /home/felipe/venv/lib/python3.9/site-packages/airflow/example_dags/plugins/listener_plugin.py
[2023-11-03T02:21:28.285-0300] {processor.py:829} INFO - Processing file /home/felipe/venv/lib/python3.9/site-packages/airflow/example_dags/plugins/listener_plugin.py for tasks to queue
[2023-11-03T02:21:28.286-0300] {logging_mixin.py:151} INFO - [2023-11-03T02:21:28.285-0300] {dagbag.py:536} INFO - Filling up the DagBag from /home/felipe/venv/lib/python3.9/site-packages/airflow/example_dags/plugins/listener_plugin.py
[2023-11-03T02:21:28.287-0300] {processor.py:841} WARNING - No viable dags retrieved from /home/felipe/venv/lib/python3.9/site-packages/airflow/example_dags/plugins/listener_plugin.py
[2023-11-03T02:21:28.293-0300] {processor.py:179} INFO - Processing /home/felipe/venv/lib/python3.9/site-packages/airflow/example_dags/plugins/listener_plugin.py took 0.010 seconds
[2023-11-03T02:22:12.510-0300] {processor.py:157} INFO - Started process (PID=33812) to work on /home/felipe/venv/lib/python3.9/site-packages/airflow/example_dags/plugins/listener_plugin.py
[2023-11-03T02:22:12.516-0300] {processor.py:829} INFO - Processing file /home/felipe/venv/lib/python3.9/site-packages/airflow/example_dags/plugins/listener_plugin.py for tasks to queue
[2023-11-03T02:22:12.517-0300] {logging_mixin.py:151} INFO - [2023-11-03T02:22:12.517-0300] {dagbag.py:536} INFO - Filling up the DagBag from /home/felipe/venv/lib/python3.9/site-packages/airflow/example_dags/plugins/listener_plugin.py
[2023-11-03T02:22:12.519-0300] {processor.py:841} WARNING - No viable dags retrieved from /home/felipe/venv/lib/python3.9/site-packages/airflow/example_dags/plugins/listener_plugin.py
[2023-11-03T02:22:12.524-0300] {processor.py:179} INFO - Processing /home/felipe/venv/lib/python3.9/site-packages/airflow/example_dags/plugins/listener_plugin.py took 0.015 seconds
[2023-11-03T02:23:00.051-0300] {processor.py:157} INFO - Started process (PID=34036) to work on /home/felipe/venv/lib/python3.9/site-packages/airflow/example_dags/plugins/listener_plugin.py
[2023-11-03T02:23:00.052-0300] {processor.py:829} INFO - Processing file /home/felipe/venv/lib/python3.9/site-packages/airflow/example_dags/plugins/listener_plugin.py for tasks to queue
[2023-11-03T02:23:00.053-0300] {logging_mixin.py:151} INFO - [2023-11-03T02:23:00.053-0300] {dagbag.py:536} INFO - Filling up the DagBag from /home/felipe/venv/lib/python3.9/site-packages/airflow/example_dags/plugins/listener_plugin.py
[2023-11-03T02:23:00.054-0300] {processor.py:841} WARNING - No viable dags retrieved from /home/felipe/venv/lib/python3.9/site-packages/airflow/example_dags/plugins/listener_plugin.py
[2023-11-03T02:23:00.059-0300] {processor.py:179} INFO - Processing /home/felipe/venv/lib/python3.9/site-packages/airflow/example_dags/plugins/listener_plugin.py took 0.009 seconds
[2023-11-03T02:23:48.877-0300] {processor.py:157} INFO - Started process (PID=34307) to work on /home/felipe/venv/lib/python3.9/site-packages/airflow/example_dags/plugins/listener_plugin.py
[2023-11-03T02:23:48.877-0300] {processor.py:829} INFO - Processing file /home/felipe/venv/lib/python3.9/site-packages/airflow/example_dags/plugins/listener_plugin.py for tasks to queue
[2023-11-03T02:23:48.878-0300] {logging_mixin.py:151} INFO - [2023-11-03T02:23:48.878-0300] {dagbag.py:536} INFO - Filling up the DagBag from /home/felipe/venv/lib/python3.9/site-packages/airflow/example_dags/plugins/listener_plugin.py
[2023-11-03T02:23:48.880-0300] {processor.py:841} WARNING - No viable dags retrieved from /home/felipe/venv/lib/python3.9/site-packages/airflow/example_dags/plugins/listener_plugin.py
[2023-11-03T02:23:48.885-0300] {processor.py:179} INFO - Processing /home/felipe/venv/lib/python3.9/site-packages/airflow/example_dags/plugins/listener_plugin.py took 0.010 seconds
[2023-11-03T02:24:33.136-0300] {processor.py:157} INFO - Started process (PID=34543) to work on /home/felipe/venv/lib/python3.9/site-packages/airflow/example_dags/plugins/listener_plugin.py
[2023-11-03T02:24:33.143-0300] {processor.py:829} INFO - Processing file /home/felipe/venv/lib/python3.9/site-packages/airflow/example_dags/plugins/listener_plugin.py for tasks to queue
[2023-11-03T02:24:33.143-0300] {logging_mixin.py:151} INFO - [2023-11-03T02:24:33.143-0300] {dagbag.py:536} INFO - Filling up the DagBag from /home/felipe/venv/lib/python3.9/site-packages/airflow/example_dags/plugins/listener_plugin.py
[2023-11-03T02:24:33.145-0300] {processor.py:841} WARNING - No viable dags retrieved from /home/felipe/venv/lib/python3.9/site-packages/airflow/example_dags/plugins/listener_plugin.py
[2023-11-03T02:24:33.151-0300] {processor.py:179} INFO - Processing /home/felipe/venv/lib/python3.9/site-packages/airflow/example_dags/plugins/listener_plugin.py took 0.016 seconds
[2023-11-03T02:25:23.736-0300] {processor.py:157} INFO - Started process (PID=34807) to work on /home/felipe/venv/lib/python3.9/site-packages/airflow/example_dags/plugins/listener_plugin.py
[2023-11-03T02:25:23.737-0300] {processor.py:829} INFO - Processing file /home/felipe/venv/lib/python3.9/site-packages/airflow/example_dags/plugins/listener_plugin.py for tasks to queue
[2023-11-03T02:25:23.738-0300] {logging_mixin.py:151} INFO - [2023-11-03T02:25:23.737-0300] {dagbag.py:536} INFO - Filling up the DagBag from /home/felipe/venv/lib/python3.9/site-packages/airflow/example_dags/plugins/listener_plugin.py
[2023-11-03T02:25:23.739-0300] {processor.py:841} WARNING - No viable dags retrieved from /home/felipe/venv/lib/python3.9/site-packages/airflow/example_dags/plugins/listener_plugin.py
[2023-11-03T02:25:23.745-0300] {processor.py:179} INFO - Processing /home/felipe/venv/lib/python3.9/site-packages/airflow/example_dags/plugins/listener_plugin.py took 0.010 seconds
[2023-11-03T02:26:11.276-0300] {processor.py:157} INFO - Started process (PID=35073) to work on /home/felipe/venv/lib/python3.9/site-packages/airflow/example_dags/plugins/listener_plugin.py
[2023-11-03T02:26:11.283-0300] {processor.py:829} INFO - Processing file /home/felipe/venv/lib/python3.9/site-packages/airflow/example_dags/plugins/listener_plugin.py for tasks to queue
[2023-11-03T02:26:11.283-0300] {logging_mixin.py:151} INFO - [2023-11-03T02:26:11.283-0300] {dagbag.py:536} INFO - Filling up the DagBag from /home/felipe/venv/lib/python3.9/site-packages/airflow/example_dags/plugins/listener_plugin.py
[2023-11-03T02:26:11.285-0300] {processor.py:841} WARNING - No viable dags retrieved from /home/felipe/venv/lib/python3.9/site-packages/airflow/example_dags/plugins/listener_plugin.py
[2023-11-03T02:26:11.290-0300] {processor.py:179} INFO - Processing /home/felipe/venv/lib/python3.9/site-packages/airflow/example_dags/plugins/listener_plugin.py took 0.016 seconds
[2023-11-03T02:26:58.328-0300] {processor.py:157} INFO - Started process (PID=35289) to work on /home/felipe/venv/lib/python3.9/site-packages/airflow/example_dags/plugins/listener_plugin.py
[2023-11-03T02:26:58.335-0300] {processor.py:829} INFO - Processing file /home/felipe/venv/lib/python3.9/site-packages/airflow/example_dags/plugins/listener_plugin.py for tasks to queue
[2023-11-03T02:26:58.335-0300] {logging_mixin.py:151} INFO - [2023-11-03T02:26:58.335-0300] {dagbag.py:536} INFO - Filling up the DagBag from /home/felipe/venv/lib/python3.9/site-packages/airflow/example_dags/plugins/listener_plugin.py
[2023-11-03T02:26:58.337-0300] {processor.py:841} WARNING - No viable dags retrieved from /home/felipe/venv/lib/python3.9/site-packages/airflow/example_dags/plugins/listener_plugin.py
[2023-11-03T02:26:58.343-0300] {processor.py:179} INFO - Processing /home/felipe/venv/lib/python3.9/site-packages/airflow/example_dags/plugins/listener_plugin.py took 0.016 seconds
[2023-11-03T02:27:46.971-0300] {processor.py:157} INFO - Started process (PID=35594) to work on /home/felipe/venv/lib/python3.9/site-packages/airflow/example_dags/plugins/listener_plugin.py
[2023-11-03T02:27:46.977-0300] {processor.py:829} INFO - Processing file /home/felipe/venv/lib/python3.9/site-packages/airflow/example_dags/plugins/listener_plugin.py for tasks to queue
[2023-11-03T02:27:46.978-0300] {logging_mixin.py:151} INFO - [2023-11-03T02:27:46.978-0300] {dagbag.py:536} INFO - Filling up the DagBag from /home/felipe/venv/lib/python3.9/site-packages/airflow/example_dags/plugins/listener_plugin.py
[2023-11-03T02:27:46.979-0300] {processor.py:841} WARNING - No viable dags retrieved from /home/felipe/venv/lib/python3.9/site-packages/airflow/example_dags/plugins/listener_plugin.py
[2023-11-03T02:27:46.985-0300] {processor.py:179} INFO - Processing /home/felipe/venv/lib/python3.9/site-packages/airflow/example_dags/plugins/listener_plugin.py took 0.015 seconds
[2023-11-03T02:28:33.198-0300] {processor.py:157} INFO - Started process (PID=35843) to work on /home/felipe/venv/lib/python3.9/site-packages/airflow/example_dags/plugins/listener_plugin.py
[2023-11-03T02:28:33.199-0300] {processor.py:829} INFO - Processing file /home/felipe/venv/lib/python3.9/site-packages/airflow/example_dags/plugins/listener_plugin.py for tasks to queue
[2023-11-03T02:28:33.200-0300] {logging_mixin.py:151} INFO - [2023-11-03T02:28:33.199-0300] {dagbag.py:536} INFO - Filling up the DagBag from /home/felipe/venv/lib/python3.9/site-packages/airflow/example_dags/plugins/listener_plugin.py
[2023-11-03T02:28:33.201-0300] {processor.py:841} WARNING - No viable dags retrieved from /home/felipe/venv/lib/python3.9/site-packages/airflow/example_dags/plugins/listener_plugin.py
[2023-11-03T02:28:33.207-0300] {processor.py:179} INFO - Processing /home/felipe/venv/lib/python3.9/site-packages/airflow/example_dags/plugins/listener_plugin.py took 0.011 seconds
[2023-11-03T02:29:24.468-0300] {processor.py:157} INFO - Started process (PID=36123) to work on /home/felipe/venv/lib/python3.9/site-packages/airflow/example_dags/plugins/listener_plugin.py
[2023-11-03T02:29:24.472-0300] {processor.py:829} INFO - Processing file /home/felipe/venv/lib/python3.9/site-packages/airflow/example_dags/plugins/listener_plugin.py for tasks to queue
[2023-11-03T02:29:24.472-0300] {logging_mixin.py:151} INFO - [2023-11-03T02:29:24.472-0300] {dagbag.py:536} INFO - Filling up the DagBag from /home/felipe/venv/lib/python3.9/site-packages/airflow/example_dags/plugins/listener_plugin.py
[2023-11-03T02:29:24.474-0300] {processor.py:841} WARNING - No viable dags retrieved from /home/felipe/venv/lib/python3.9/site-packages/airflow/example_dags/plugins/listener_plugin.py
[2023-11-03T02:29:24.478-0300] {processor.py:179} INFO - Processing /home/felipe/venv/lib/python3.9/site-packages/airflow/example_dags/plugins/listener_plugin.py took 0.013 seconds
[2023-11-03T02:30:10.529-0300] {processor.py:157} INFO - Started process (PID=36372) to work on /home/felipe/venv/lib/python3.9/site-packages/airflow/example_dags/plugins/listener_plugin.py
[2023-11-03T02:30:10.535-0300] {processor.py:829} INFO - Processing file /home/felipe/venv/lib/python3.9/site-packages/airflow/example_dags/plugins/listener_plugin.py for tasks to queue
[2023-11-03T02:30:10.536-0300] {logging_mixin.py:151} INFO - [2023-11-03T02:30:10.536-0300] {dagbag.py:536} INFO - Filling up the DagBag from /home/felipe/venv/lib/python3.9/site-packages/airflow/example_dags/plugins/listener_plugin.py
[2023-11-03T02:30:10.537-0300] {processor.py:841} WARNING - No viable dags retrieved from /home/felipe/venv/lib/python3.9/site-packages/airflow/example_dags/plugins/listener_plugin.py
[2023-11-03T02:30:10.542-0300] {processor.py:179} INFO - Processing /home/felipe/venv/lib/python3.9/site-packages/airflow/example_dags/plugins/listener_plugin.py took 0.014 seconds
[2023-11-03T02:31:00.049-0300] {processor.py:157} INFO - Started process (PID=36612) to work on /home/felipe/venv/lib/python3.9/site-packages/airflow/example_dags/plugins/listener_plugin.py
[2023-11-03T02:31:00.050-0300] {processor.py:829} INFO - Processing file /home/felipe/venv/lib/python3.9/site-packages/airflow/example_dags/plugins/listener_plugin.py for tasks to queue
[2023-11-03T02:31:00.050-0300] {logging_mixin.py:151} INFO - [2023-11-03T02:31:00.050-0300] {dagbag.py:536} INFO - Filling up the DagBag from /home/felipe/venv/lib/python3.9/site-packages/airflow/example_dags/plugins/listener_plugin.py
[2023-11-03T02:31:00.052-0300] {processor.py:841} WARNING - No viable dags retrieved from /home/felipe/venv/lib/python3.9/site-packages/airflow/example_dags/plugins/listener_plugin.py
[2023-11-03T02:31:00.057-0300] {processor.py:179} INFO - Processing /home/felipe/venv/lib/python3.9/site-packages/airflow/example_dags/plugins/listener_plugin.py took 0.010 seconds
[2023-11-03T02:31:44.475-0300] {processor.py:157} INFO - Started process (PID=36854) to work on /home/felipe/venv/lib/python3.9/site-packages/airflow/example_dags/plugins/listener_plugin.py
[2023-11-03T02:31:44.481-0300] {processor.py:829} INFO - Processing file /home/felipe/venv/lib/python3.9/site-packages/airflow/example_dags/plugins/listener_plugin.py for tasks to queue
[2023-11-03T02:31:44.481-0300] {logging_mixin.py:151} INFO - [2023-11-03T02:31:44.481-0300] {dagbag.py:536} INFO - Filling up the DagBag from /home/felipe/venv/lib/python3.9/site-packages/airflow/example_dags/plugins/listener_plugin.py
[2023-11-03T02:31:44.483-0300] {processor.py:841} WARNING - No viable dags retrieved from /home/felipe/venv/lib/python3.9/site-packages/airflow/example_dags/plugins/listener_plugin.py
[2023-11-03T02:31:44.488-0300] {processor.py:179} INFO - Processing /home/felipe/venv/lib/python3.9/site-packages/airflow/example_dags/plugins/listener_plugin.py took 0.015 seconds
[2023-11-03T02:32:31.309-0300] {processor.py:157} INFO - Started process (PID=37139) to work on /home/felipe/venv/lib/python3.9/site-packages/airflow/example_dags/plugins/listener_plugin.py
[2023-11-03T02:32:31.315-0300] {processor.py:829} INFO - Processing file /home/felipe/venv/lib/python3.9/site-packages/airflow/example_dags/plugins/listener_plugin.py for tasks to queue
[2023-11-03T02:32:31.316-0300] {logging_mixin.py:151} INFO - [2023-11-03T02:32:31.316-0300] {dagbag.py:536} INFO - Filling up the DagBag from /home/felipe/venv/lib/python3.9/site-packages/airflow/example_dags/plugins/listener_plugin.py
[2023-11-03T02:32:31.318-0300] {processor.py:841} WARNING - No viable dags retrieved from /home/felipe/venv/lib/python3.9/site-packages/airflow/example_dags/plugins/listener_plugin.py
[2023-11-03T02:32:31.323-0300] {processor.py:179} INFO - Processing /home/felipe/venv/lib/python3.9/site-packages/airflow/example_dags/plugins/listener_plugin.py took 0.015 seconds
[2023-11-03T02:33:18.309-0300] {processor.py:157} INFO - Started process (PID=37403) to work on /home/felipe/venv/lib/python3.9/site-packages/airflow/example_dags/plugins/listener_plugin.py
[2023-11-03T02:33:18.315-0300] {processor.py:829} INFO - Processing file /home/felipe/venv/lib/python3.9/site-packages/airflow/example_dags/plugins/listener_plugin.py for tasks to queue
[2023-11-03T02:33:18.316-0300] {logging_mixin.py:151} INFO - [2023-11-03T02:33:18.316-0300] {dagbag.py:536} INFO - Filling up the DagBag from /home/felipe/venv/lib/python3.9/site-packages/airflow/example_dags/plugins/listener_plugin.py
[2023-11-03T02:33:18.317-0300] {processor.py:841} WARNING - No viable dags retrieved from /home/felipe/venv/lib/python3.9/site-packages/airflow/example_dags/plugins/listener_plugin.py
[2023-11-03T02:33:18.323-0300] {processor.py:179} INFO - Processing /home/felipe/venv/lib/python3.9/site-packages/airflow/example_dags/plugins/listener_plugin.py took 0.015 seconds
[2023-11-03T02:34:06.451-0300] {processor.py:157} INFO - Started process (PID=37654) to work on /home/felipe/venv/lib/python3.9/site-packages/airflow/example_dags/plugins/listener_plugin.py
[2023-11-03T02:34:06.452-0300] {processor.py:829} INFO - Processing file /home/felipe/venv/lib/python3.9/site-packages/airflow/example_dags/plugins/listener_plugin.py for tasks to queue
[2023-11-03T02:34:06.452-0300] {logging_mixin.py:151} INFO - [2023-11-03T02:34:06.452-0300] {dagbag.py:536} INFO - Filling up the DagBag from /home/felipe/venv/lib/python3.9/site-packages/airflow/example_dags/plugins/listener_plugin.py
[2023-11-03T02:34:06.454-0300] {processor.py:841} WARNING - No viable dags retrieved from /home/felipe/venv/lib/python3.9/site-packages/airflow/example_dags/plugins/listener_plugin.py
[2023-11-03T02:34:06.459-0300] {processor.py:179} INFO - Processing /home/felipe/venv/lib/python3.9/site-packages/airflow/example_dags/plugins/listener_plugin.py took 0.009 seconds
[2023-11-03T02:34:57.071-0300] {processor.py:157} INFO - Started process (PID=37900) to work on /home/felipe/venv/lib/python3.9/site-packages/airflow/example_dags/plugins/listener_plugin.py
[2023-11-03T02:34:57.072-0300] {processor.py:829} INFO - Processing file /home/felipe/venv/lib/python3.9/site-packages/airflow/example_dags/plugins/listener_plugin.py for tasks to queue
[2023-11-03T02:34:57.073-0300] {logging_mixin.py:151} INFO - [2023-11-03T02:34:57.072-0300] {dagbag.py:536} INFO - Filling up the DagBag from /home/felipe/venv/lib/python3.9/site-packages/airflow/example_dags/plugins/listener_plugin.py
[2023-11-03T02:34:57.074-0300] {processor.py:841} WARNING - No viable dags retrieved from /home/felipe/venv/lib/python3.9/site-packages/airflow/example_dags/plugins/listener_plugin.py
[2023-11-03T02:34:57.080-0300] {processor.py:179} INFO - Processing /home/felipe/venv/lib/python3.9/site-packages/airflow/example_dags/plugins/listener_plugin.py took 0.010 seconds
[2023-11-03T02:35:44.064-0300] {processor.py:157} INFO - Started process (PID=38149) to work on /home/felipe/venv/lib/python3.9/site-packages/airflow/example_dags/plugins/listener_plugin.py
[2023-11-03T02:35:44.072-0300] {processor.py:829} INFO - Processing file /home/felipe/venv/lib/python3.9/site-packages/airflow/example_dags/plugins/listener_plugin.py for tasks to queue
[2023-11-03T02:35:44.073-0300] {logging_mixin.py:151} INFO - [2023-11-03T02:35:44.072-0300] {dagbag.py:536} INFO - Filling up the DagBag from /home/felipe/venv/lib/python3.9/site-packages/airflow/example_dags/plugins/listener_plugin.py
[2023-11-03T02:35:44.074-0300] {processor.py:841} WARNING - No viable dags retrieved from /home/felipe/venv/lib/python3.9/site-packages/airflow/example_dags/plugins/listener_plugin.py
[2023-11-03T02:35:44.079-0300] {processor.py:179} INFO - Processing /home/felipe/venv/lib/python3.9/site-packages/airflow/example_dags/plugins/listener_plugin.py took 0.016 seconds
[2023-11-03T02:36:31.886-0300] {processor.py:157} INFO - Started process (PID=38415) to work on /home/felipe/venv/lib/python3.9/site-packages/airflow/example_dags/plugins/listener_plugin.py
[2023-11-03T02:36:31.887-0300] {processor.py:829} INFO - Processing file /home/felipe/venv/lib/python3.9/site-packages/airflow/example_dags/plugins/listener_plugin.py for tasks to queue
[2023-11-03T02:36:31.888-0300] {logging_mixin.py:151} INFO - [2023-11-03T02:36:31.887-0300] {dagbag.py:536} INFO - Filling up the DagBag from /home/felipe/venv/lib/python3.9/site-packages/airflow/example_dags/plugins/listener_plugin.py
[2023-11-03T02:36:31.889-0300] {processor.py:841} WARNING - No viable dags retrieved from /home/felipe/venv/lib/python3.9/site-packages/airflow/example_dags/plugins/listener_plugin.py
[2023-11-03T02:36:31.894-0300] {processor.py:179} INFO - Processing /home/felipe/venv/lib/python3.9/site-packages/airflow/example_dags/plugins/listener_plugin.py took 0.010 seconds
[2023-11-03T02:37:15.233-0300] {processor.py:157} INFO - Started process (PID=38690) to work on /home/felipe/venv/lib/python3.9/site-packages/airflow/example_dags/plugins/listener_plugin.py
[2023-11-03T02:37:15.240-0300] {processor.py:829} INFO - Processing file /home/felipe/venv/lib/python3.9/site-packages/airflow/example_dags/plugins/listener_plugin.py for tasks to queue
[2023-11-03T02:37:15.241-0300] {logging_mixin.py:151} INFO - [2023-11-03T02:37:15.240-0300] {dagbag.py:536} INFO - Filling up the DagBag from /home/felipe/venv/lib/python3.9/site-packages/airflow/example_dags/plugins/listener_plugin.py
[2023-11-03T02:37:15.242-0300] {processor.py:841} WARNING - No viable dags retrieved from /home/felipe/venv/lib/python3.9/site-packages/airflow/example_dags/plugins/listener_plugin.py
[2023-11-03T02:37:15.248-0300] {processor.py:179} INFO - Processing /home/felipe/venv/lib/python3.9/site-packages/airflow/example_dags/plugins/listener_plugin.py took 0.016 seconds
[2023-11-03T02:38:17.354-0300] {processor.py:157} INFO - Started process (PID=38997) to work on /home/felipe/venv/lib/python3.9/site-packages/airflow/example_dags/plugins/listener_plugin.py
[2023-11-03T02:38:17.355-0300] {processor.py:829} INFO - Processing file /home/felipe/venv/lib/python3.9/site-packages/airflow/example_dags/plugins/listener_plugin.py for tasks to queue
[2023-11-03T02:38:17.356-0300] {logging_mixin.py:151} INFO - [2023-11-03T02:38:17.356-0300] {dagbag.py:536} INFO - Filling up the DagBag from /home/felipe/venv/lib/python3.9/site-packages/airflow/example_dags/plugins/listener_plugin.py
[2023-11-03T02:38:17.358-0300] {processor.py:841} WARNING - No viable dags retrieved from /home/felipe/venv/lib/python3.9/site-packages/airflow/example_dags/plugins/listener_plugin.py
[2023-11-03T02:38:17.363-0300] {processor.py:179} INFO - Processing /home/felipe/venv/lib/python3.9/site-packages/airflow/example_dags/plugins/listener_plugin.py took 0.010 seconds
[2023-11-03T02:39:03.437-0300] {processor.py:157} INFO - Started process (PID=39245) to work on /home/felipe/venv/lib/python3.9/site-packages/airflow/example_dags/plugins/listener_plugin.py
[2023-11-03T02:39:03.444-0300] {processor.py:829} INFO - Processing file /home/felipe/venv/lib/python3.9/site-packages/airflow/example_dags/plugins/listener_plugin.py for tasks to queue
[2023-11-03T02:39:03.444-0300] {logging_mixin.py:151} INFO - [2023-11-03T02:39:03.444-0300] {dagbag.py:536} INFO - Filling up the DagBag from /home/felipe/venv/lib/python3.9/site-packages/airflow/example_dags/plugins/listener_plugin.py
[2023-11-03T02:39:03.446-0300] {processor.py:841} WARNING - No viable dags retrieved from /home/felipe/venv/lib/python3.9/site-packages/airflow/example_dags/plugins/listener_plugin.py
[2023-11-03T02:39:03.451-0300] {processor.py:179} INFO - Processing /home/felipe/venv/lib/python3.9/site-packages/airflow/example_dags/plugins/listener_plugin.py took 0.016 seconds
[2023-11-03T02:39:48.725-0300] {processor.py:157} INFO - Started process (PID=39470) to work on /home/felipe/venv/lib/python3.9/site-packages/airflow/example_dags/plugins/listener_plugin.py
[2023-11-03T02:39:48.726-0300] {processor.py:829} INFO - Processing file /home/felipe/venv/lib/python3.9/site-packages/airflow/example_dags/plugins/listener_plugin.py for tasks to queue
[2023-11-03T02:39:48.727-0300] {logging_mixin.py:151} INFO - [2023-11-03T02:39:48.726-0300] {dagbag.py:536} INFO - Filling up the DagBag from /home/felipe/venv/lib/python3.9/site-packages/airflow/example_dags/plugins/listener_plugin.py
[2023-11-03T02:39:48.728-0300] {processor.py:841} WARNING - No viable dags retrieved from /home/felipe/venv/lib/python3.9/site-packages/airflow/example_dags/plugins/listener_plugin.py
[2023-11-03T02:39:48.734-0300] {processor.py:179} INFO - Processing /home/felipe/venv/lib/python3.9/site-packages/airflow/example_dags/plugins/listener_plugin.py took 0.010 seconds
[2023-11-03T02:40:39.575-0300] {processor.py:157} INFO - Started process (PID=39734) to work on /home/felipe/venv/lib/python3.9/site-packages/airflow/example_dags/plugins/listener_plugin.py
[2023-11-03T02:40:39.582-0300] {processor.py:829} INFO - Processing file /home/felipe/venv/lib/python3.9/site-packages/airflow/example_dags/plugins/listener_plugin.py for tasks to queue
[2023-11-03T02:40:39.582-0300] {logging_mixin.py:151} INFO - [2023-11-03T02:40:39.582-0300] {dagbag.py:536} INFO - Filling up the DagBag from /home/felipe/venv/lib/python3.9/site-packages/airflow/example_dags/plugins/listener_plugin.py
[2023-11-03T02:40:39.584-0300] {processor.py:841} WARNING - No viable dags retrieved from /home/felipe/venv/lib/python3.9/site-packages/airflow/example_dags/plugins/listener_plugin.py
[2023-11-03T02:40:39.589-0300] {processor.py:179} INFO - Processing /home/felipe/venv/lib/python3.9/site-packages/airflow/example_dags/plugins/listener_plugin.py took 0.015 seconds
[2023-11-03T02:41:31.448-0300] {processor.py:157} INFO - Started process (PID=40014) to work on /home/felipe/venv/lib/python3.9/site-packages/airflow/example_dags/plugins/listener_plugin.py
[2023-11-03T02:41:31.454-0300] {processor.py:829} INFO - Processing file /home/felipe/venv/lib/python3.9/site-packages/airflow/example_dags/plugins/listener_plugin.py for tasks to queue
[2023-11-03T02:41:31.455-0300] {logging_mixin.py:151} INFO - [2023-11-03T02:41:31.454-0300] {dagbag.py:536} INFO - Filling up the DagBag from /home/felipe/venv/lib/python3.9/site-packages/airflow/example_dags/plugins/listener_plugin.py
[2023-11-03T02:41:31.456-0300] {processor.py:841} WARNING - No viable dags retrieved from /home/felipe/venv/lib/python3.9/site-packages/airflow/example_dags/plugins/listener_plugin.py
[2023-11-03T02:41:31.461-0300] {processor.py:179} INFO - Processing /home/felipe/venv/lib/python3.9/site-packages/airflow/example_dags/plugins/listener_plugin.py took 0.015 seconds
[2023-11-03T02:42:24.356-0300] {processor.py:157} INFO - Started process (PID=40322) to work on /home/felipe/venv/lib/python3.9/site-packages/airflow/example_dags/plugins/listener_plugin.py
[2023-11-03T02:42:24.357-0300] {processor.py:829} INFO - Processing file /home/felipe/venv/lib/python3.9/site-packages/airflow/example_dags/plugins/listener_plugin.py for tasks to queue
[2023-11-03T02:42:24.358-0300] {logging_mixin.py:151} INFO - [2023-11-03T02:42:24.357-0300] {dagbag.py:536} INFO - Filling up the DagBag from /home/felipe/venv/lib/python3.9/site-packages/airflow/example_dags/plugins/listener_plugin.py
[2023-11-03T02:42:24.359-0300] {processor.py:841} WARNING - No viable dags retrieved from /home/felipe/venv/lib/python3.9/site-packages/airflow/example_dags/plugins/listener_plugin.py
[2023-11-03T02:42:24.364-0300] {processor.py:179} INFO - Processing /home/felipe/venv/lib/python3.9/site-packages/airflow/example_dags/plugins/listener_plugin.py took 0.010 seconds
[2023-11-03T02:43:08.939-0300] {processor.py:157} INFO - Started process (PID=40580) to work on /home/felipe/venv/lib/python3.9/site-packages/airflow/example_dags/plugins/listener_plugin.py
[2023-11-03T02:43:08.945-0300] {processor.py:829} INFO - Processing file /home/felipe/venv/lib/python3.9/site-packages/airflow/example_dags/plugins/listener_plugin.py for tasks to queue
[2023-11-03T02:43:08.946-0300] {logging_mixin.py:151} INFO - [2023-11-03T02:43:08.946-0300] {dagbag.py:536} INFO - Filling up the DagBag from /home/felipe/venv/lib/python3.9/site-packages/airflow/example_dags/plugins/listener_plugin.py
[2023-11-03T02:43:08.947-0300] {processor.py:841} WARNING - No viable dags retrieved from /home/felipe/venv/lib/python3.9/site-packages/airflow/example_dags/plugins/listener_plugin.py
[2023-11-03T02:43:08.952-0300] {processor.py:179} INFO - Processing /home/felipe/venv/lib/python3.9/site-packages/airflow/example_dags/plugins/listener_plugin.py took 0.015 seconds
[2023-11-03T02:43:54.553-0300] {processor.py:157} INFO - Started process (PID=40788) to work on /home/felipe/venv/lib/python3.9/site-packages/airflow/example_dags/plugins/listener_plugin.py
[2023-11-03T02:43:54.559-0300] {processor.py:829} INFO - Processing file /home/felipe/venv/lib/python3.9/site-packages/airflow/example_dags/plugins/listener_plugin.py for tasks to queue
[2023-11-03T02:43:54.559-0300] {logging_mixin.py:151} INFO - [2023-11-03T02:43:54.559-0300] {dagbag.py:536} INFO - Filling up the DagBag from /home/felipe/venv/lib/python3.9/site-packages/airflow/example_dags/plugins/listener_plugin.py
[2023-11-03T02:43:54.561-0300] {processor.py:841} WARNING - No viable dags retrieved from /home/felipe/venv/lib/python3.9/site-packages/airflow/example_dags/plugins/listener_plugin.py
[2023-11-03T02:43:54.566-0300] {processor.py:179} INFO - Processing /home/felipe/venv/lib/python3.9/site-packages/airflow/example_dags/plugins/listener_plugin.py took 0.015 seconds
[2023-11-03T02:44:42.890-0300] {processor.py:157} INFO - Started process (PID=41045) to work on /home/felipe/venv/lib/python3.9/site-packages/airflow/example_dags/plugins/listener_plugin.py
[2023-11-03T02:44:42.896-0300] {processor.py:829} INFO - Processing file /home/felipe/venv/lib/python3.9/site-packages/airflow/example_dags/plugins/listener_plugin.py for tasks to queue
[2023-11-03T02:44:42.897-0300] {logging_mixin.py:151} INFO - [2023-11-03T02:44:42.896-0300] {dagbag.py:536} INFO - Filling up the DagBag from /home/felipe/venv/lib/python3.9/site-packages/airflow/example_dags/plugins/listener_plugin.py
[2023-11-03T02:44:42.898-0300] {processor.py:841} WARNING - No viable dags retrieved from /home/felipe/venv/lib/python3.9/site-packages/airflow/example_dags/plugins/listener_plugin.py
[2023-11-03T02:44:42.903-0300] {processor.py:179} INFO - Processing /home/felipe/venv/lib/python3.9/site-packages/airflow/example_dags/plugins/listener_plugin.py took 0.015 seconds
[2023-11-03T02:45:29.552-0300] {processor.py:157} INFO - Started process (PID=41310) to work on /home/felipe/venv/lib/python3.9/site-packages/airflow/example_dags/plugins/listener_plugin.py
[2023-11-03T02:45:29.558-0300] {processor.py:829} INFO - Processing file /home/felipe/venv/lib/python3.9/site-packages/airflow/example_dags/plugins/listener_plugin.py for tasks to queue
[2023-11-03T02:45:29.559-0300] {logging_mixin.py:151} INFO - [2023-11-03T02:45:29.559-0300] {dagbag.py:536} INFO - Filling up the DagBag from /home/felipe/venv/lib/python3.9/site-packages/airflow/example_dags/plugins/listener_plugin.py
[2023-11-03T02:45:29.561-0300] {processor.py:841} WARNING - No viable dags retrieved from /home/felipe/venv/lib/python3.9/site-packages/airflow/example_dags/plugins/listener_plugin.py
[2023-11-03T02:45:29.565-0300] {processor.py:179} INFO - Processing /home/felipe/venv/lib/python3.9/site-packages/airflow/example_dags/plugins/listener_plugin.py took 0.014 seconds
[2023-11-03T02:46:15.151-0300] {processor.py:157} INFO - Started process (PID=41552) to work on /home/felipe/venv/lib/python3.9/site-packages/airflow/example_dags/plugins/listener_plugin.py
[2023-11-03T02:46:15.157-0300] {processor.py:829} INFO - Processing file /home/felipe/venv/lib/python3.9/site-packages/airflow/example_dags/plugins/listener_plugin.py for tasks to queue
[2023-11-03T02:46:15.158-0300] {logging_mixin.py:151} INFO - [2023-11-03T02:46:15.157-0300] {dagbag.py:536} INFO - Filling up the DagBag from /home/felipe/venv/lib/python3.9/site-packages/airflow/example_dags/plugins/listener_plugin.py
[2023-11-03T02:46:15.159-0300] {processor.py:841} WARNING - No viable dags retrieved from /home/felipe/venv/lib/python3.9/site-packages/airflow/example_dags/plugins/listener_plugin.py
[2023-11-03T02:46:15.164-0300] {processor.py:179} INFO - Processing /home/felipe/venv/lib/python3.9/site-packages/airflow/example_dags/plugins/listener_plugin.py took 0.015 seconds
[2023-11-03T02:47:04.990-0300] {processor.py:157} INFO - Started process (PID=41816) to work on /home/felipe/venv/lib/python3.9/site-packages/airflow/example_dags/plugins/listener_plugin.py
[2023-11-03T02:47:04.996-0300] {processor.py:829} INFO - Processing file /home/felipe/venv/lib/python3.9/site-packages/airflow/example_dags/plugins/listener_plugin.py for tasks to queue
[2023-11-03T02:47:04.997-0300] {logging_mixin.py:151} INFO - [2023-11-03T02:47:04.996-0300] {dagbag.py:536} INFO - Filling up the DagBag from /home/felipe/venv/lib/python3.9/site-packages/airflow/example_dags/plugins/listener_plugin.py
[2023-11-03T02:47:04.998-0300] {processor.py:841} WARNING - No viable dags retrieved from /home/felipe/venv/lib/python3.9/site-packages/airflow/example_dags/plugins/listener_plugin.py
[2023-11-03T02:47:05.003-0300] {processor.py:179} INFO - Processing /home/felipe/venv/lib/python3.9/site-packages/airflow/example_dags/plugins/listener_plugin.py took 0.015 seconds
[2023-11-03T02:47:55.871-0300] {processor.py:157} INFO - Started process (PID=42093) to work on /home/felipe/venv/lib/python3.9/site-packages/airflow/example_dags/plugins/listener_plugin.py
[2023-11-03T02:47:55.877-0300] {processor.py:829} INFO - Processing file /home/felipe/venv/lib/python3.9/site-packages/airflow/example_dags/plugins/listener_plugin.py for tasks to queue
[2023-11-03T02:47:55.878-0300] {logging_mixin.py:151} INFO - [2023-11-03T02:47:55.878-0300] {dagbag.py:536} INFO - Filling up the DagBag from /home/felipe/venv/lib/python3.9/site-packages/airflow/example_dags/plugins/listener_plugin.py
[2023-11-03T02:47:55.879-0300] {processor.py:841} WARNING - No viable dags retrieved from /home/felipe/venv/lib/python3.9/site-packages/airflow/example_dags/plugins/listener_plugin.py
[2023-11-03T02:47:55.884-0300] {processor.py:179} INFO - Processing /home/felipe/venv/lib/python3.9/site-packages/airflow/example_dags/plugins/listener_plugin.py took 0.014 seconds
[2023-11-03T02:48:42.538-0300] {processor.py:157} INFO - Started process (PID=42340) to work on /home/felipe/venv/lib/python3.9/site-packages/airflow/example_dags/plugins/listener_plugin.py
[2023-11-03T02:48:42.544-0300] {processor.py:829} INFO - Processing file /home/felipe/venv/lib/python3.9/site-packages/airflow/example_dags/plugins/listener_plugin.py for tasks to queue
[2023-11-03T02:48:42.545-0300] {logging_mixin.py:151} INFO - [2023-11-03T02:48:42.544-0300] {dagbag.py:536} INFO - Filling up the DagBag from /home/felipe/venv/lib/python3.9/site-packages/airflow/example_dags/plugins/listener_plugin.py
[2023-11-03T02:48:42.546-0300] {processor.py:841} WARNING - No viable dags retrieved from /home/felipe/venv/lib/python3.9/site-packages/airflow/example_dags/plugins/listener_plugin.py
[2023-11-03T02:48:42.551-0300] {processor.py:179} INFO - Processing /home/felipe/venv/lib/python3.9/site-packages/airflow/example_dags/plugins/listener_plugin.py took 0.015 seconds
[2023-11-03T02:49:26.252-0300] {processor.py:157} INFO - Started process (PID=42582) to work on /home/felipe/venv/lib/python3.9/site-packages/airflow/example_dags/plugins/listener_plugin.py
[2023-11-03T02:49:26.258-0300] {processor.py:829} INFO - Processing file /home/felipe/venv/lib/python3.9/site-packages/airflow/example_dags/plugins/listener_plugin.py for tasks to queue
[2023-11-03T02:49:26.258-0300] {logging_mixin.py:151} INFO - [2023-11-03T02:49:26.258-0300] {dagbag.py:536} INFO - Filling up the DagBag from /home/felipe/venv/lib/python3.9/site-packages/airflow/example_dags/plugins/listener_plugin.py
[2023-11-03T02:49:26.260-0300] {processor.py:841} WARNING - No viable dags retrieved from /home/felipe/venv/lib/python3.9/site-packages/airflow/example_dags/plugins/listener_plugin.py
[2023-11-03T02:49:26.265-0300] {processor.py:179} INFO - Processing /home/felipe/venv/lib/python3.9/site-packages/airflow/example_dags/plugins/listener_plugin.py took 0.014 seconds
[2023-11-03T02:50:17.622-0300] {processor.py:157} INFO - Started process (PID=42863) to work on /home/felipe/venv/lib/python3.9/site-packages/airflow/example_dags/plugins/listener_plugin.py
[2023-11-03T02:50:17.629-0300] {processor.py:829} INFO - Processing file /home/felipe/venv/lib/python3.9/site-packages/airflow/example_dags/plugins/listener_plugin.py for tasks to queue
[2023-11-03T02:50:17.630-0300] {logging_mixin.py:151} INFO - [2023-11-03T02:50:17.629-0300] {dagbag.py:536} INFO - Filling up the DagBag from /home/felipe/venv/lib/python3.9/site-packages/airflow/example_dags/plugins/listener_plugin.py
[2023-11-03T02:50:17.631-0300] {processor.py:841} WARNING - No viable dags retrieved from /home/felipe/venv/lib/python3.9/site-packages/airflow/example_dags/plugins/listener_plugin.py
[2023-11-03T02:50:17.636-0300] {processor.py:179} INFO - Processing /home/felipe/venv/lib/python3.9/site-packages/airflow/example_dags/plugins/listener_plugin.py took 0.015 seconds
[2023-11-03T02:51:08.843-0300] {processor.py:157} INFO - Started process (PID=43128) to work on /home/felipe/venv/lib/python3.9/site-packages/airflow/example_dags/plugins/listener_plugin.py
[2023-11-03T02:51:08.845-0300] {processor.py:829} INFO - Processing file /home/felipe/venv/lib/python3.9/site-packages/airflow/example_dags/plugins/listener_plugin.py for tasks to queue
[2023-11-03T02:51:08.846-0300] {logging_mixin.py:151} INFO - [2023-11-03T02:51:08.846-0300] {dagbag.py:536} INFO - Filling up the DagBag from /home/felipe/venv/lib/python3.9/site-packages/airflow/example_dags/plugins/listener_plugin.py
[2023-11-03T02:51:08.848-0300] {processor.py:841} WARNING - No viable dags retrieved from /home/felipe/venv/lib/python3.9/site-packages/airflow/example_dags/plugins/listener_plugin.py
[2023-11-03T02:51:08.855-0300] {processor.py:179} INFO - Processing /home/felipe/venv/lib/python3.9/site-packages/airflow/example_dags/plugins/listener_plugin.py took 0.013 seconds
[2023-11-03T02:52:05.018-0300] {processor.py:157} INFO - Started process (PID=43433) to work on /home/felipe/venv/lib/python3.9/site-packages/airflow/example_dags/plugins/listener_plugin.py
[2023-11-03T02:52:05.019-0300] {processor.py:829} INFO - Processing file /home/felipe/venv/lib/python3.9/site-packages/airflow/example_dags/plugins/listener_plugin.py for tasks to queue
[2023-11-03T02:52:05.020-0300] {logging_mixin.py:151} INFO - [2023-11-03T02:52:05.020-0300] {dagbag.py:536} INFO - Filling up the DagBag from /home/felipe/venv/lib/python3.9/site-packages/airflow/example_dags/plugins/listener_plugin.py
[2023-11-03T02:52:05.021-0300] {processor.py:841} WARNING - No viable dags retrieved from /home/felipe/venv/lib/python3.9/site-packages/airflow/example_dags/plugins/listener_plugin.py
[2023-11-03T02:52:05.026-0300] {processor.py:179} INFO - Processing /home/felipe/venv/lib/python3.9/site-packages/airflow/example_dags/plugins/listener_plugin.py took 0.010 seconds
[2023-11-03T02:52:53.077-0300] {processor.py:157} INFO - Started process (PID=43683) to work on /home/felipe/venv/lib/python3.9/site-packages/airflow/example_dags/plugins/listener_plugin.py
[2023-11-03T02:52:53.078-0300] {processor.py:829} INFO - Processing file /home/felipe/venv/lib/python3.9/site-packages/airflow/example_dags/plugins/listener_plugin.py for tasks to queue
[2023-11-03T02:52:53.078-0300] {logging_mixin.py:151} INFO - [2023-11-03T02:52:53.078-0300] {dagbag.py:536} INFO - Filling up the DagBag from /home/felipe/venv/lib/python3.9/site-packages/airflow/example_dags/plugins/listener_plugin.py
[2023-11-03T02:52:53.080-0300] {processor.py:841} WARNING - No viable dags retrieved from /home/felipe/venv/lib/python3.9/site-packages/airflow/example_dags/plugins/listener_plugin.py
[2023-11-03T02:52:53.085-0300] {processor.py:179} INFO - Processing /home/felipe/venv/lib/python3.9/site-packages/airflow/example_dags/plugins/listener_plugin.py took 0.010 seconds
[2023-11-03T02:53:42.464-0300] {processor.py:157} INFO - Started process (PID=43941) to work on /home/felipe/venv/lib/python3.9/site-packages/airflow/example_dags/plugins/listener_plugin.py
[2023-11-03T02:53:42.465-0300] {processor.py:829} INFO - Processing file /home/felipe/venv/lib/python3.9/site-packages/airflow/example_dags/plugins/listener_plugin.py for tasks to queue
[2023-11-03T02:53:42.466-0300] {logging_mixin.py:151} INFO - [2023-11-03T02:53:42.466-0300] {dagbag.py:536} INFO - Filling up the DagBag from /home/felipe/venv/lib/python3.9/site-packages/airflow/example_dags/plugins/listener_plugin.py
[2023-11-03T02:53:42.468-0300] {processor.py:841} WARNING - No viable dags retrieved from /home/felipe/venv/lib/python3.9/site-packages/airflow/example_dags/plugins/listener_plugin.py
[2023-11-03T02:53:42.473-0300] {processor.py:179} INFO - Processing /home/felipe/venv/lib/python3.9/site-packages/airflow/example_dags/plugins/listener_plugin.py took 0.010 seconds
[2023-11-03T02:54:29.195-0300] {processor.py:157} INFO - Started process (PID=44205) to work on /home/felipe/venv/lib/python3.9/site-packages/airflow/example_dags/plugins/listener_plugin.py
[2023-11-03T02:54:29.196-0300] {processor.py:829} INFO - Processing file /home/felipe/venv/lib/python3.9/site-packages/airflow/example_dags/plugins/listener_plugin.py for tasks to queue
[2023-11-03T02:54:29.197-0300] {logging_mixin.py:151} INFO - [2023-11-03T02:54:29.196-0300] {dagbag.py:536} INFO - Filling up the DagBag from /home/felipe/venv/lib/python3.9/site-packages/airflow/example_dags/plugins/listener_plugin.py
[2023-11-03T02:54:29.198-0300] {processor.py:841} WARNING - No viable dags retrieved from /home/felipe/venv/lib/python3.9/site-packages/airflow/example_dags/plugins/listener_plugin.py
[2023-11-03T02:54:29.203-0300] {processor.py:179} INFO - Processing /home/felipe/venv/lib/python3.9/site-packages/airflow/example_dags/plugins/listener_plugin.py took 0.010 seconds
[2023-11-03T02:55:15.441-0300] {processor.py:157} INFO - Started process (PID=44456) to work on /home/felipe/venv/lib/python3.9/site-packages/airflow/example_dags/plugins/listener_plugin.py
[2023-11-03T02:55:15.448-0300] {processor.py:829} INFO - Processing file /home/felipe/venv/lib/python3.9/site-packages/airflow/example_dags/plugins/listener_plugin.py for tasks to queue
[2023-11-03T02:55:15.449-0300] {logging_mixin.py:151} INFO - [2023-11-03T02:55:15.448-0300] {dagbag.py:536} INFO - Filling up the DagBag from /home/felipe/venv/lib/python3.9/site-packages/airflow/example_dags/plugins/listener_plugin.py
[2023-11-03T02:55:15.450-0300] {processor.py:841} WARNING - No viable dags retrieved from /home/felipe/venv/lib/python3.9/site-packages/airflow/example_dags/plugins/listener_plugin.py
[2023-11-03T02:55:15.455-0300] {processor.py:179} INFO - Processing /home/felipe/venv/lib/python3.9/site-packages/airflow/example_dags/plugins/listener_plugin.py took 0.016 seconds
